Apr 05 15:46:20 host=smtp.univie.ac.at tls=on auth=on user=koflerc99 from=clara.kofler@univie.ac.at recipients=clara.kofler@posteo.com errormsg='TLS certificate verification failed: The certificate is NOT trusted. The name in the certificate does not match the expected. ' exitcode=EX_UNAVAILABLE
Apr 06 11:34:42 host=smtp.univie.ac.at tls=on auth=on user=koflerc99 from=clara.kofler@univie.ac.at recipients=clara.kofler@posteo.com errormsg='TLS certificate verification failed: The certificate is NOT trusted. The name in the certificate does not match the expected. ' exitcode=EX_UNAVAILABLE
Apr 06 12:12:01 host=smtp.univie.ac.at tls=on auth=on user=koflerc99 from=clara.kofler@univie.ac.at recipients=clara.kofler@posteo.com errormsg='TLS certificate verification failed: The certificate is NOT trusted. The name in the certificate does not match the expected. ' exitcode=EX_UNAVAILABLE
Apr 06 12:22:33 host=mail.univie.ac.at tls=on auth=on user=koflerc99 from=clara.kofler@univie.ac.at recipients=clara.kofler@posteo.com errormsg='the server sent an empty reply' exitcode=EX_PROTOCOL
Apr 06 12:30:49 host=mail.univie.ac.at tls=on auth=on user=koflerc99 from=clara.kofler@univie.ac.at recipients=clara.kofler@posteo.com errormsg='the server sent an empty reply' exitcode=EX_PROTOCOL
Apr 06 12:39:34 host=mail.univie.ac.at tls=on auth=on user=koflerc99 from=webmail recipients=clara.kofler@posteo.com smtpstatus=501 smtpmsg='501 <webmail>: sender address must contain a domain' errormsg='envelope from address webmail not accepted by the server' exitcode=EX_DATAERR
Apr 06 12:41:54 host=mail.univie.ac.at tls=on auth=on user=koflerc99 from=webmail recipients=clara.kofler@posteo.com smtpstatus=501 smtpmsg='501 <webmail>: sender address must contain a domain' errormsg='envelope from address webmail not accepted by the server' exitcode=EX_DATAERR
Apr 06 12:43:12 host=mail.univie.ac.at tls=on auth=on user=koflerc99 from=webmail recipients=clara.kofler@posteo.com smtpstatus=501 smtpmsg='501 <webmail>: sender address must contain a domain' errormsg='envelope from address webmail not accepted by the server' exitcode=EX_DATAERR
Apr 06 12:43:36 host=mail.univie.ac.at tls=on auth=on user=koflerc99 from=clara.kofler@univie.ac.at recipients=clara.kofler@posteo.com mailsize=203 smtpstatus=250 smtpmsg='250 OK id=1u1NTU-00000000Bjk-0jrA' exitcode=EX_OK
Apr 06 12:50:58 host=mail.univie.ac.at tls=on auth=on user=koflerc99 from=clara.kofler@univie.ac.at recipients=clara.kofler@webmail.com mailsize=280 smtpstatus=250 smtpmsg='250 OK id=1u1Nac-00000008nSk-2qTC' exitcode=EX_OK
Apr 06 13:00:45 host=mail.univie.ac.at tls=on auth=on user=koflerc99 from=clara.kofler@univie.ac.at recipients=clara.kofler@posteo.com mailsize=280 smtpstatus=250 smtpmsg='250 OK id=1u1Nk4-00000007SKH-3Xly' exitcode=EX_OK
Apr 06 13:18:36 host=smtp.posteo.de tls=on auth=on user=clara.kofler@posteo.com from=clara.kofler@posteo.com recipients=clara.kofler@univie.ac.at errormsg='cannot locate host smtp.posteo.de: Name or service not known' exitcode=EX_NOHOST
Apr 06 13:20:31 host=posteo.de tls=on auth=on user=clara.kofler@posteo.com from=clara.kofler@posteo.com recipients=clara.kofler@univie.ac.at mailsize=279 smtpstatus=250 smtpmsg='250 2.0.0 Ok: queued as 4ZVqdV5Yqkz6twc' exitcode=EX_OK
Apr 06 18:19:33 host=mail.univie.ac.at tls=on auth=on user=koflerc99 from=clara.kofler@univie.ac.at recipients=clara.kofler@posteo.com mailsize=290 smtpstatus=250 smtpmsg='250 OK id=1u1Sib-0000000ABDq-2lT2' exitcode=EX_OK
Apr 10 13:03:31 host=mail.univie.ac.at tls=on auth=on user=koflerc99 from=clara.kofler@univie.ac.at recipients=Zaoli.Zhang@oeaw.ac.at,Thomas.Kremmer@unileoben.ac.at mailsize=1333 smtpstatus=250 smtpmsg='250 OK id=1u2pgx-00000008fMj-05bw' exitcode=EX_OK
Apr 11 09:29:59 host=mail.univie.ac.at tls=on auth=on user=koflerc99 from=clara.kofler@univie.ac.at recipients=irfan.haider.abidi@rmit.edu.au,jani.kotakoski@univie.ac.at,sumeet.walia@rmit.edu.au mailsize=96342 smtpstatus=250 smtpmsg='250 OK id=1u38pq-000000097Ol-30dz' exitcode=EX_OK
Apr 15 17:23:46 host=mail.univie.ac.at tls=on auth=on user=koflerc99 from=clara.kofler@univie.ac.at recipients=irfan.haider.abidi@rmit.edu.au,jani.kotakoski@univie.ac.at,sumeet.walia@rmit.edu.au mailsize=112954 smtpstatus=250 smtpmsg='250 OK id=1u4i8X-00000003iiS-2XEy' exitcode=EX_OK
Apr 23 14:36:11 host=mail.univie.ac.at tls=on auth=on user=koflerc99 from=clara.kofler@univie.ac.at recipients=jani.kotakoski@univie.ac.at mailsize=1384 smtpstatus=250 smtpmsg='250 OK id=1u7ZKl-0000000DOO4-2Tn2' exitcode=EX_OK
Apr 30 14:54:13 host=mail.univie.ac.at tls=on auth=on user=koflerc99 from=clara.kofler@univie.ac.at recipients=irfan.haider.abidi@rmit.edu.au,jani.kotakoski@univie.ac.at mailsize=103523 smtpstatus=250 smtpmsg='250 OK id=1uA6x3-00000006JsA-1pr0' exitcode=EX_OK
Mai 08 14:51:18 host=mail.univie.ac.at tls=on auth=on user=koflerc99 from=clara.kofler@univie.ac.at recipients=florian@zivic.wien,kimmo.mustonen@univie.ac.at mailsize=2488 smtpstatus=250 smtpmsg='250 OK id=1uD0ic-0000000EBte-2goe' exitcode=EX_OK
Mai 09 11:51:17 host=mail.univie.ac.at tls=on auth=on user=koflerc99 from=clara.kofler@univie.ac.at recipients=clara.kofler@posteo.com mailsize=1877809 smtpstatus=250 smtpmsg='250 OK id=1uDKNu-0000000BLdj-447g' exitcode=EX_OK
Mai 09 11:55:31 host=mail.univie.ac.at tls=on auth=on user=koflerc99 from=clara.kofler@univie.ac.at recipients=fortran.flo@gmail.com,jani.kotakoski@univie.ac.at mailsize=994027 smtpstatus=250 smtpmsg='250 OK id=1uDKS2-00000007414-08bf' exitcode=EX_OK
Mai 10 08:45:48 host=posteo.de tls=on auth=on user=clara.kofler@posteo.com from=clara.kofler@posteo.com recipients=sigrid.kofler@gmx.at mailsize=497 smtpstatus=250 smtpmsg='250 2.0.0 Ok: queued as 4Zvbwr13PYz9rxD' exitcode=EX_OK
Mai 12 13:32:42 host=mail.univie.ac.at tls=on auth=on user=koflerc99 from=clara.kofler@univie.ac.at recipients=office.pnm@univie.ac.at,manuel.laengle@univie.ac.at mailsize=1529 smtpstatus=250 smtpmsg='250 OK id=1uEROl-00000000jdK-1Kti' exitcode=EX_OK
Mai 13 10:07:08 host=mail.univie.ac.at tls=on auth=on user=koflerc99 from=clara.kofler@univie.ac.at recipients=fortran.flo@gmail.com,jani.kotakoski@univie.ac.at mailsize=11818 smtpstatus=250 smtpmsg='250 OK id=1uEkfL-000000065gt-40rb' exitcode=EX_OK
Mai 13 17:33:44 host=mail.univie.ac.at tls=on auth=on user=koflerc99 from=clara.kofler@univie.ac.at recipients=a12442656@unet.univie.ac.at,a12124640@unet.univie.ac.at,kimmo.mustonen@univie.ac.at mailsize=2121 smtpstatus=250 smtpmsg='250 OK id=1uErdY-0000000Gy90-2jSx' exitcode=EX_OK
Mai 14 14:00:18 host=mail.univie.ac.at tls=on auth=on user=koflerc99 from=clara.kofler@univie.ac.at recipients=a12022685@unet.univie.ac.at,a01631281@unet.univie.ac.at,a11807914@unet.univie.ac.at,a12442656@unet.univie.ac.at mailsize=1773 smtpstatus=250 smtpmsg='250 OK id=1uFAmY-00000004Sl0-3UVq' exitcode=EX_OK
Mai 20 11:51:34 host=mail.univie.ac.at tls=on auth=on user=koflerc99 from=clara.kofler@univie.ac.at recipients=manuel.laengle@univie.ac.at,jani.kotakoski@univie.ac.at,a12022685@unet.univie.ac.at,a01631281@unet.univie.ac.at,a11807914@unet.univie.ac.at,a12442656@unet.univie.ac.at mailsize=941 smtpstatus=250 smtpmsg='250 OK id=1uHJdF-0000000DxTW-3F73' exitcode=EX_OK
Mai 21 13:31:05 host=mail.univie.ac.at tls=on auth=on user=koflerc99 from=clara.kofler@univie.ac.at recipients=a12442656@unet.univie.ac.at,a12124640@unet.univie.ac.at,kimmo.mustonen@univie.ac.at mailsize=2608 smtpstatus=250 smtpmsg='250 OK id=1uHhf7-0000000HYSD-3zIi' exitcode=EX_OK
Mai 22 20:48:39 host=mail.univie.ac.at tls=on auth=on user=koflerc99 from=clara.kofler@univie.ac.at recipients=a12442656@unet.univie.ac.at,a12124640@unet.univie.ac.at,kimmo.mustonen@univie.ac.at mailsize=3372 smtpstatus=250 smtpmsg='250 OK id=1uIAy9-000000088ls-3Uuv' exitcode=EX_OK
Mai 29 14:15:51 host=mail.univie.ac.at tls=on auth=on user=koflerc99 from=clara.kofler@univie.ac.at recipients=a12442656@unet.univie.ac.at,a12124640@unet.univie.ac.at,kimmo.mustonen@univie.ac.at mailsize=3864 smtpstatus=250 smtpmsg='250 OK id=1uKcAp-0000000El3d-0AC9' exitcode=EX_OK
Jun 10 08:51:57 host=mail.univie.ac.at tls=on auth=on user=koflerc99 from=clara.kofler@univie.ac.at recipients=fortran.flo@gmail.com,marciarcu@gmail.com,jani.kotakoski@univie.ac.at mailsize=12571 smtpstatus=250 smtpmsg='250 OK id=1uOspy-0000000FvvU-09CT' exitcode=EX_OK
Jun 10 16:03:51 host=mail.univie.ac.at tls=on auth=on user=koflerc99 from=clara.kofler@univie.ac.at recipients=manuel.laengle@univie.ac.at,jani.kotakoski@univie.ac.at,a12022685@unet.univie.ac.at,a01631281@unet.univie.ac.at,a11807914@unet.univie.ac.at,a12442656@unet.univie.ac.at mailsize=1961 smtpstatus=250 smtpmsg='250 OK id=1uOzZv-0000000EZ28-2mz6' exitcode=EX_OK
Jun 25 09:49:48 host=mail.univie.ac.at tls=on auth=on user=koflerc99 from=clara.kofler@univie.ac.at recipients=irfan.haider.abidi@rmit.edu.au,jani.kotakoski@univie.ac.at mailsize=217340 smtpstatus=250 smtpmsg='250 OK id=1uUKt9-0000000156e-2UWY' exitcode=EX_OK
Jun 29 10:02:08 host=mail.univie.ac.at tls=on auth=on user=koflerc99 from=clara.kofler@univie.ac.at recipients=florian@zivic.wien,kimmo.mustonen@univie.ac.at mailsize=2069 smtpstatus=250 smtpmsg='250 OK id=1uVmzK-00000009LPh-2WEB' exitcode=EX_OK
Jun 29 21:53:08 host=mail.univie.ac.at tls=on auth=on user=koflerc99 from=clara.kofler@univie.ac.at recipients=fortran.flo@gmail.com,jani.kotakoski@univie.ac.at mailsize=4178 smtpstatus=250 smtpmsg='250 OK id=1uVy5M-0000000BnnG-04l2' exitcode=EX_OK
Aug 04 09:22:15 host=mail.univie.ac.at tls=on auth=on user=koflerc99 from=clara.kofler@univie.ac.at recipients=clara.kofler@posteo.com mailsize=279 smtpstatus=250 smtpmsg='250 OK id=1uipWR-00000006Hyl-2QFE' exitcode=EX_OK
Aug 04 09:26:35 host=mail.univie.ac.at tls=on auth=on user=koflerc99 from=clara.kofler@univie.ac.at recipients=irfan.haider.abidi@rmit.edu.au,S3989312@student.rmit.edu.au,jake.limb@monash.edu,nethmi.dissanayake@anu.edu.au,jtollerud@swin.edu.au,taimur.ahmed@rmit.edu.au,yuerui.lu@anu.edu.au,jdavis@swin.edu.au,salvy.russo@rmit.edu.au,enrico.dellagaspera@rmit.edu.au,cameron.bentley@monash.edu,kushvahas@nplindia.res.in,jani.kotakoski@univie.ac.at,jianfeng.mao@rmit.edu.au,sumeet.walia@rmit.edu.au mailsize=6188 smtpstatus=250 smtpmsg='250 OK id=1uipae-0000000Dljw-1Lau' exitcode=EX_OK
Aug 04 10:10:45 host=mail.univie.ac.at tls=on auth=on user=koflerc99 from=clara.kofler@univie.ac.at recipients=office@asem.at,jani.kotakoski@univie.ac.at mailsize=335146 smtpstatus=250 smtpmsg='250 OK id=1uiqHM-00000006UHC-3FfK' exitcode=EX_OK
Sep 15 12:15:00 host=mail.univie.ac.at tls=on auth=on user=koflerc99 from=clara.kofler@univie.ac.at recipients=jakob.peer@tuwien.ac.at,manuel.laengle@univie.ac.at,david.lamprecht@univie.ac.at mailsize=1386 smtpstatus=250 smtpmsg='250 OK id=1uy6Ee-0000000AEfL-10X1' exitcode=EX_OK
Sep 16 17:15:14 host=mail.univie.ac.at tls=on auth=on user=koflerc99 from=clara.kofler@univie.ac.at recipients=kerstin.hummer@univie.ac.at mailsize=2855 smtpstatus=250 smtpmsg='250 OK id=1uyXOk-00000001im2-3eiT' exitcode=EX_OK
Sep 17 09:16:54 host=mail.univie.ac.at tls=on auth=on user=koflerc99 from=clara.kofler@univie.ac.at recipients=jakob.peer@tuwien.ac.at,manuel.laengle@univie.ac.at,david.lamprecht@univie.ac.at mailsize=2878 smtpstatus=250 smtpmsg='250 OK id=1uymPO-00000001rzC-2i0M' exitcode=EX_OK
Sep 17 11:13:59 host=mail.univie.ac.at tls=on auth=on user=koflerc99 from=clara.kofler@univie.ac.at recipients=jakob.peer@tuwien.ac.at,manuel.laengle@univie.ac.at,david.lamprecht@univie.ac.at mailsize=4520 smtpstatus=250 smtpmsg='250 OK id=1uyoEh-00000005UO7-3jKR' exitcode=EX_OK
Okt 06 10:07:23 host=mail.univie.ac.at tls=on auth=on user=koflerc99 from=clara.kofler@univie.ac.at recipients=irfan.haider.abidi@rmit.edu.au,jani.kotakoski@univie.ac.at,sumeet.walia@rmit.edu.au mailsize=544124 smtpstatus=250 smtpmsg='250 OK id=1v5gFd-00000009XsZ-0Fav' exitcode=EX_OK
Okt 07 10:10:54 host=mail.univie.ac.at tls=on auth=on user=koflerc99 from=clara.kofler@univie.ac.at recipients=irfan.haider.abidi@rmit.edu.au,jani.kotakoski@univie.ac.at,sumeet.walia@rmit.edu.au mailsize=717955 smtpstatus=250 smtpmsg='250 OK id=1v62mZ-00000000DSV-1Rcu' exitcode=EX_OK
Okt 07 13:59:48 host=mail.univie.ac.at tls=on auth=on user=koflerc99 from=clara.kofler@univie.ac.at recipients=jakob.peer@tuwien.ac.at,manuel.laengle@univie.ac.at,david.lamprecht@univie.ac.at mailsize=5942 smtpstatus=250 smtpmsg='250 OK id=1v66M9-00000001ogp-0nf7' exitcode=EX_OK
Okt 07 14:32:58 host=mail.univie.ac.at tls=on auth=on user=koflerc99 from=clara.kofler@univie.ac.at recipients=sebastian.arlamovsky@gmail.com mailsize=453 smtpstatus=250 smtpmsg='250 OK id=1v66sF-000000023zo-11KL' exitcode=EX_OK
Okt 08 09:25:02 host=mail.univie.ac.at tls=on auth=on user=koflerc99 from=clara.kofler@univie.ac.at recipients=sebastian.arlamovsky@gmail.com mailsize=872 smtpstatus=250 smtpmsg='250 OK id=1v6OXm-00000008EZe-0OsT' exitcode=EX_OK
Okt 08 10:17:01 host=mail.univie.ac.at tls=on auth=on user=koflerc99 from=clara.kofler@univie.ac.at recipients=clara.kofler@univie.ac.at,a12144763@unet.univie.ac.at,a12121685@unet.univie.ac.at mailsize=969 smtpstatus=250 smtpmsg='250 OK id=1v6PM5-00000007Xw1-1p0H' exitcode=EX_OK
Okt 08 16:32:38 host=mail.univie.ac.at tls=on auth=on user=koflerc99 from=clara.kofler@univie.ac.at recipients=a12144763@unet.univie.ac.at mailsize=1794 smtpstatus=250 smtpmsg='250 OK id=1v6VDa-0000000A5Cn-384U' exitcode=EX_OK
Okt 09 15:38:01 host=mail.univie.ac.at tls=on auth=on user=koflerc99 from=clara.kofler@univie.ac.at recipients=a12406762@unet.univie.ac.at mailsize=806 smtpstatus=250 smtpmsg='250 OK id=1v6qqE-0000000FOOM-3Z8Y' exitcode=EX_OK
Okt 20 14:06:12 host=mail.univie.ac.at tls=on auth=on user=koflerc99 from=clara.kofler@univie.ac.at recipients=irfan.haider.abidi@rmit.edu.au,jani.kotakoski@univie.ac.at,sumeet.walia@rmit.edu.au mailsize=896938 smtpstatus=250 smtpmsg='250 OK id=1vAoeO-00000003FKk-1Pen' exitcode=EX_OK
Okt 23 11:04:08 host=mail.univie.ac.at tls=on auth=on user=koflerc99 from=clara.kofler@univie.ac.at recipients=irfan.haider.abidi@rmit.edu.au,jani.kotakoski@univie.ac.at,sumeet.walia@rmit.edu.au mailsize=1074292 smtpstatus=250 smtpmsg='250 OK id=1vBrEp-00000003wSz-2Yro' exitcode=EX_OK
Okt 31 09:40:36 host=mail.univie.ac.at tls=on auth=on user=koflerc99 from=clara.kofler@univie.ac.at recipients=personalentwicklung@univie.ac.at mailsize=737 smtpstatus=250 smtpmsg='250 OK id=1vEkgW-00000001yk8-27Op' exitcode=EX_OK
Okt 31 09:46:07 host=mail.univie.ac.at tls=on auth=on user=koflerc99 from=clara.kofler@univie.ac.at recipients=brigitte.bischof@univie.ac.at mailsize=1491 smtpstatus=250 smtpmsg='250 OK id=1vEklq-00000001kM6-447z' exitcode=EX_OK
Nov 06 15:32:13 host=mail.univie.ac.at tls=on auth=on user=koflerc99 from=clara.kofler@univie.ac.at recipients=jakob.peer@tuwien.ac.at,david.lamprecht@univie.ac.at mailsize=1141 smtpstatus=250 smtpmsg='250 OK id=1vH124-000000059GY-4AUH' exitcode=EX_OK
Nov 26 09:38:29 host=mail.univie.ac.at tls=on auth=on user=koflerc99 from=clara.kofler@univie.ac.at recipients=sumeet.walia@rmit.edu.au,irfan.haider.abidi@rmit.edu.au,jani.kotakoski@univie.ac.at mailsize=5697 smtpstatus=250 smtpmsg='250 OK id=1vOB2j-00000004NAk-3fl2' exitcode=EX_OK
Nov 26 16:31:03 host=mail.univie.ac.at tls=on auth=on user=koflerc99 from=clara.kofler@univie.ac.at recipients=frano.rismondo@univie.ac.at mailsize=609 smtpstatus=250 smtpmsg='250 OK id=1vOHTz-0000000GTJm-1HnA' exitcode=EX_OK
Dez 05 10:54:29 host=mail.univie.ac.at tls=on auth=on user=koflerc99 from=clara.kofler@univie.ac.at recipients=jani.kotakoski@univie.ac.at mailsize=1019 smtpstatus=250 smtpmsg='250 OK id=1vRSWD-00000006gFP-24Ac' exitcode=EX_OK
Jän 22 13:41:00 host=mail.univie.ac.at tls=on auth=on user=koflerc99 from=clara.kofler@univie.ac.at recipients=clara.kofler@univie.ac.at,a12340065@unet.univie.ac.at,a12415075@unet.univie.ac.at,a12411896@unet.univie.ac.at,a12427868@unet.univie.ac.at,a09651026@unet.univie.ac.at,a12347448@unet.univie.ac.at,a12314890@unet.univie.ac.at,a12410548@unet.univie.ac.at,a12303904@unet.univie.ac.at,a12429109@unet.univie.ac.at mailsize=956 smtpstatus=250 smtpmsg='250 OK id=1vitzi-00000007DtH-1Spz' exitcode=EX_OK
Mai 20 10:37:21 host=mail.univie.ac.at tls=on auth=on user=koflerc99 from=clara.kofler@univie.ac.at recipients=jani.kotakoski@univie.ac.at,a12446433@unet.univie.ac.at,somar.dibeh@univie.ac.at,a12109074@unet.univie.ac.at,a11806579@unet.univie.ac.at,a12412613@unet.univie.ac.at,a01507867@unet.univie.ac.at,a12419588@unet.univie.ac.at,a12119554@unet.univie.ac.at,a12449235@unet.univie.ac.at mailsize=870 smtpstatus=250 smtpmsg='250 OK id=1wPcQb-000000040Yu-1u6e' exitcode=EX_OK
Mai 22 10:15:11 host=mail.univie.ac.at tls=on auth=on user=koflerc99 from=clara.kofler@univie.ac.at recipients=jani.kotakoski@univie.ac.at,a12446433@unet.univie.ac.at,somar.dibeh@univie.ac.at,a12109074@unet.univie.ac.at,a11806579@unet.univie.ac.at,a12412613@unet.univie.ac.at,a01507867@unet.univie.ac.at,a12419588@unet.univie.ac.at,a12119554@unet.univie.ac.at,a12449235@unet.univie.ac.at mailsize=1067 smtpstatus=250 smtpmsg='250 OK id=1wQL2F-0000000HOaM-26SK' exitcode=EX_OK
